<?xml version="1.0" encoding="UTF-8"?>
<!-- Generated by org.testng.reporters.JUnitReportReporter -->
<testsuite skipped="0" hostname="DESKTOP-NN9BEMS" name="ndtvUIAutomation.NDTV" tests="1" failures="0" timestamp="24 Sep 2020 07:35:39 GMT" time="75.200" errors="0">
  <testcase name="UIandAPIComparator" time="75.200" classname="ndtvUIAutomation.NDTV"/>
</testsuite> <!-- ndtvUIAutomation.NDTV -->
